<?xml version="1.0" encoding="UTF-8"?>
<!-- Generated by org.testng.reporters.JUnitReportReporter -->
<testsuite skipped="0" hostname="LAPTOP-0DTB49BH" name="virtualfacility.qa.Test.VirtualFacilityTest" tests="2" failures="0" timestamp="03 Sep 2019 14:31:33 GMT" time="33.630" errors="0">
  <testcase name="Virtual_Facility_Coding_Challenge_1" time="14.960" classname="virtualfacility.qa.Test.VirtualFacilityTest"/>
  <testcase name="Virtual_Facility_Coding_Challenge_2" time="18.670" classname="virtualfacility.qa.Test.VirtualFacilityTest"/>
</testsuite> <!-- virtualfacility.qa.Test.VirtualFacilityTest -->
