<?xml version="1.0" encoding="UTF-8"?>
<!-- Generated by org.testng.reporters.JUnitReportReporter -->
<testsuite skipped="0" hostname="LAPTOP-0DTB49BH" name="virtualfacility.qa.Test.VirtualFacilityTest" tests="2" failures="0" timestamp="03 Sep 2019 13:48:24 GMT" time="66.496" errors="0">
  <testcase name="Virtual_Facility_Coding_Challenge_1" time="47.325" classname="virtualfacility.qa.Test.VirtualFacilityTest"/>
  <testcase name="Virtual_Facility_Coding_Challenge_2" time="19.171" classname="virtualfacility.qa.Test.VirtualFacilityTest"/>
</testsuite> <!-- virtualfacility.qa.Test.VirtualFacilityTest -->
